2024-08-09 10:14:50.088 [info] Starting TS Server
2024-08-09 10:14:50.088 [info] Using tsserver from: /root/.vscode/extensions/ms-vscode.vscode-typescript-next-5.6.20240807/node_modules/typescript/lib/tsserver.js
2024-08-09 10:14:50.088 [info] <syntax> Forking...
2024-08-09 10:14:50.088 [info] <syntax> Starting...
2024-08-09 10:14:50.088 [info] <semantic> Forking...
2024-08-09 10:14:50.088 [info] <semantic> Starting...
2024-08-09 10:18:45.394 [error] TSServer exited. Code: null. Signal: SIGTERM
2024-08-09 10:18:45.394 [info] Starting TS Server
2024-08-09 10:18:45.394 [info] Not starting server: disposed
2024-08-09 10:18:46.696 [info] Starting TS Server
2024-08-09 10:18:46.696 [info] Using tsserver from: /root/.vscode/extensions/ms-vscode.vscode-typescript-next-5.6.20240808/node_modules/typescript/lib/tsserver.js
2024-08-09 10:18:46.696 [info] <syntax> Forking...
2024-08-09 10:18:46.696 [info] <syntax> Starting...
2024-08-09 10:18:46.696 [info] <semantic> Forking...
2024-08-09 10:18:46.696 [info] <semantic> Starting...
2024-08-09 10:26:31.448 [error] TSServer exited. Code: null. Signal: SIGTERM
2024-08-09 10:26:31.448 [info] Starting TS Server
2024-08-09 10:26:31.448 [info] Not starting server: disposed
2024-08-09 10:26:32.731 [info] Starting TS Server
2024-08-09 10:26:32.731 [info] Using tsserver from: /root/.vscode/extensions/ms-vscode.vscode-typescript-next-5.6.20240808/node_modules/typescript/lib/tsserver.js
2024-08-09 10:26:32.731 [info] <syntax> Forking...
2024-08-09 10:26:32.731 [info] <syntax> Starting...
2024-08-09 10:26:32.731 [info] <semantic> Forking...
2024-08-09 10:26:32.731 [info] <semantic> Starting...
2024-08-09 10:36:23.825 [error] TSServer exited. Code: null. Signal: SIGTERM
2024-08-09 10:36:23.825 [info] Starting TS Server
2024-08-09 10:36:23.825 [info] Not starting server: disposed
2024-08-09 10:36:25.291 [info] Starting TS Server
2024-08-09 10:36:25.291 [info] Using tsserver from: /root/.vscode/extensions/ms-vscode.vscode-typescript-next-5.6.20240808/node_modules/typescript/lib/tsserver.js
2024-08-09 10:36:25.291 [info] <syntax> Forking...
2024-08-09 10:36:25.291 [info] <syntax> Starting...
2024-08-09 10:36:25.291 [info] <semantic> Forking...
2024-08-09 10:36:25.291 [info] <semantic> Starting...
2024-08-09 10:51:28.380 [error] TSServer exited. Code: null. Signal: SIGTERM
2024-08-09 10:51:28.380 [info] Starting TS Server
2024-08-09 10:51:28.380 [info] Not starting server: disposed
2024-08-09 10:51:29.589 [info] Starting TS Server
2024-08-09 10:51:29.589 [info] Using tsserver from: /root/.vscode/extensions/ms-vscode.vscode-typescript-next-5.6.20240808/node_modules/typescript/lib/tsserver.js
2024-08-09 10:51:29.589 [info] <syntax> Forking...
2024-08-09 10:51:29.589 [info] <syntax> Starting...
2024-08-09 10:51:29.589 [info] <semantic> Forking...
2024-08-09 10:51:29.589 [info] <semantic> Starting...
