2024-08-09 09:59:38.391 [info] Reading sessions from keychain...
2024-08-09 09:59:38.391 [info] Getting sessions for all scopes...
2024-08-09 09:59:38.391 [info] Getting sessions for all scopes...
2024-08-09 09:59:38.391 [info] Got 0 sessions for ...
2024-08-09 09:59:38.391 [info] Got 0 sessions for ...
2024-08-09 09:59:38.391 [info] Getting sessions for read:user,repo,user:email,workflow...
2024-08-09 09:59:38.391 [info] Got 0 sessions for read:user,repo,user:email,workflow...
2024-08-09 10:18:46.709 [info] Reading sessions from keychain...
2024-08-09 10:18:46.709 [info] Getting sessions for all scopes...
2024-08-09 10:18:46.709 [info] Got 0 sessions for ...
2024-08-09 10:18:46.709 [info] Getting sessions for all scopes...
2024-08-09 10:18:46.709 [info] Got 0 sessions for ...
2024-08-09 10:18:48.709 [info] Getting sessions for read:user,repo,user:email,workflow...
2024-08-09 10:18:48.709 [info] Got 0 sessions for read:user,repo,user:email,workflow...
2024-08-09 10:26:32.737 [info] Reading sessions from keychain...
2024-08-09 10:26:32.737 [info] Getting sessions for all scopes...
2024-08-09 10:26:32.737 [info] Got 0 sessions for ...
2024-08-09 10:26:32.737 [info] Getting sessions for all scopes...
2024-08-09 10:26:32.737 [info] Got 0 sessions for ...
2024-08-09 10:26:34.631 [info] Getting sessions for read:user,repo,user:email,workflow...
2024-08-09 10:26:34.631 [info] Got 0 sessions for read:user,repo,user:email,workflow...
2024-08-09 10:36:25.302 [info] Reading sessions from keychain...
2024-08-09 10:36:25.302 [info] Getting sessions for all scopes...
2024-08-09 10:36:25.303 [info] Got 0 sessions for ...
2024-08-09 10:36:25.303 [info] Getting sessions for all scopes...
2024-08-09 10:36:25.303 [info] Got 0 sessions for ...
2024-08-09 10:36:27.762 [info] Getting sessions for read:user,repo,user:email,workflow...
2024-08-09 10:36:27.762 [info] Got 0 sessions for read:user,repo,user:email,workflow...
2024-08-09 10:51:29.599 [info] Reading sessions from keychain...
2024-08-09 10:51:29.600 [info] Getting sessions for all scopes...
2024-08-09 10:51:29.600 [info] Got 0 sessions for ...
2024-08-09 10:51:29.600 [info] Getting sessions for all scopes...
2024-08-09 10:51:29.600 [info] Got 0 sessions for ...
2024-08-09 10:51:32.004 [info] Getting sessions for read:user,repo,user:email,workflow...
2024-08-09 10:51:32.005 [info] Got 0 sessions for read:user,repo,user:email,workflow...
