2024-08-08 23:01:39.032 [info] Added views:workbench.panel.markers.view in workbench.panel.markers
2024-08-08 23:01:39.032 [info] Added views:workbench.panel.output in workbench.panel.output
2024-08-08 23:01:39.032 [info] Added views:terminal in terminal
2024-08-08 23:01:39.032 [info] Added views:outline in workbench.view.explorer
2024-08-08 23:01:39.032 [info] Added views:workbench.scm in workbench.view.scm
2024-08-08 23:01:39.032 [info] Added views:workbench.view.search in workbench.view.search
2024-08-08 23:01:39.032 [info] Added views:timeline in workbench.view.explorer
2024-08-08 23:01:39.032 [info] Added views:workbench.explorer.emptyView in workbench.view.explorer
2024-08-08 23:01:39.388 [info] Added views:workbench.debug.variablesView,workbench.debug.watchExpressionsView,workbench.debug.callStackView,workbench.debug.breakPointsView in workbench.view.debug
2024-08-08 23:01:40.498 [info] Added views:dotenv.view.vault in workbench.view.extension.dotenv
2024-08-08 23:01:40.500 [info] Added views:github-actions.empty-view in workbench.view.extension.github-actions
2024-08-08 23:01:40.545 [info] Added views:~remote.forwardedPorts in ~remote.forwardedPortsContainer
2024-08-08 23:01:40.921 [info] Added views:workbench.panel.repl.view in workbench.panel.repl
2024-08-08 23:01:40.922 [info] Removed views:workbench.debug.breakPointsView,workbench.debug.callStackView,workbench.debug.watchExpressionsView,workbench.debug.variablesView from workbench.view.debug
2024-08-08 23:01:40.923 [info] Added views:workbench.debug.welcome in workbench.view.debug
2024-08-08 23:01:51.643 [info] Added views:workbench.panel.markers.view in workbench.panel.markers
2024-08-08 23:01:51.643 [info] Added views:workbench.panel.output in workbench.panel.output
2024-08-08 23:01:51.643 [info] Added views:terminal in terminal
2024-08-08 23:01:51.643 [info] Added views:outline in workbench.view.explorer
2024-08-08 23:01:51.643 [info] Added views:workbench.scm in workbench.view.scm
2024-08-08 23:01:51.643 [info] Added views:workbench.view.search in workbench.view.search
2024-08-08 23:01:51.643 [info] Added views:timeline in workbench.view.explorer
2024-08-08 23:01:51.643 [info] Added views:workbench.explorer.fileView in workbench.view.explorer
2024-08-08 23:01:52.541 [info] Added views:workbench.debug.variablesView,workbench.debug.watchExpressionsView,workbench.debug.callStackView,workbench.debug.breakPointsView in workbench.view.debug
2024-08-08 23:01:52.579 [info] Added views:workbench.panel.repl.view in workbench.panel.repl
2024-08-08 23:01:52.580 [info] Removed views:workbench.debug.breakPointsView,workbench.debug.callStackView,workbench.debug.watchExpressionsView,workbench.debug.variablesView from workbench.view.debug
2024-08-08 23:01:52.580 [info] Added views:workbench.debug.welcome in workbench.view.debug
2024-08-08 23:01:52.811 [info] Added views:~remote.forwardedPorts in ~remote.forwardedPortsContainer
2024-08-08 23:01:55.237 [info] Added views:dotenv.view.vault in workbench.view.extension.dotenv
2024-08-08 23:01:55.239 [info] Added views:github-actions.empty-view in workbench.view.extension.github-actions
2024-08-08 23:02:01.066 [info] Added views:workbench.views.extensions.installed,workbench.views.extensions.popular,extensions.recommendedList in workbench.view.extensions
2024-08-08 23:02:01.073 [info] Removed views:workbench.views.extensions.popular from workbench.view.extensions
2024-08-08 23:02:08.122 [info] Removed views:extensions.recommendedList,workbench.views.extensions.installed from workbench.view.extensions
2024-08-08 23:02:08.153 [info] Added views:workbench.views.extensions.marketplace in workbench.view.extensions
2024-08-08 23:02:23.336 [info] Removed views:workbench.views.extensions.marketplace from workbench.view.extensions
2024-08-08 23:02:23.349 [info] Added views:workbench.views.extensions.installed,extensions.recommendedList in workbench.view.extensions
2024-08-08 23:02:24.936 [info] Removed views:extensions.recommendedList,workbench.views.extensions.installed from workbench.view.extensions
2024-08-08 23:02:24.950 [info] Added views:workbench.views.extensions.marketplace in workbench.view.extensions
2024-08-08 23:08:59.271 [info] Removed views:workbench.views.extensions.marketplace from workbench.view.extensions
2024-08-08 23:08:59.291 [info] Added views:workbench.views.extensions.installed,extensions.recommendedList in workbench.view.extensions
