2024-08-08 23:01:40.464 [info] Extension host with pid 8036 started
2024-08-08 23:01:40.924 [info] ExtensionService#_doActivateExtension vscode.git-base, startup: true, activationEvent: '*', root cause: vscode.git
2024-08-08 23:01:40.933 [info] ExtensionService#_doActivateExtension dotenv.dotenv-vscode, startup: true, activationEvent: '*'
2024-08-08 23:01:41.127 [info] ExtensionService#_doActivateExtension vscode.git, startup: true, activationEvent: '*'
2024-08-08 23:01:41.255 [info] ExtensionService#_doActivateExtension vscode.github, startup: true, activationEvent: '*'
2024-08-08 23:01:41.400 [info] ExtensionService#_doActivateExtension vscode.configuration-editing, startup: false, activationEvent: 'onLanguage:jsonc'
2024-08-08 23:01:41.418 [info] ExtensionService#_doActivateExtension vscode.json-language-features, startup: false, activationEvent: 'onLanguage:jsonc'
2024-08-08 23:01:41.538 [info] ExtensionService#_doActivateExtension vscode.typescript-language-features, startup: false, activationEvent: 'onLanguage:jsonc'
2024-08-08 23:01:41.642 [info] ExtensionService#_doActivateExtension vscode.emmet, startup: false, activationEvent: 'onLanguage'
2024-08-08 23:01:41.987 [info] Eager extensions activated
2024-08-08 23:01:42.070 [info] ExtensionService#_doActivateExtension vscode.debug-auto-launch, startup: false, activationEvent: 'onStartupFinished'
2024-08-08 23:01:42.080 [info] ExtensionService#_doActivateExtension vscode.merge-conflict, startup: false, activationEvent: 'onStartupFinished'
2024-08-08 23:01:42.131 [info] ExtensionService#_doActivateExtension bradlc.vscode-tailwindcss, startup: false, activationEvent: 'onStartupFinished'
2024-08-08 23:01:42.208 [info] ExtensionService#_doActivateExtension dsznajder.es7-react-js-snippets, startup: false, activationEvent: 'onStartupFinished'
2024-08-08 23:01:42.723 [info] ExtensionService#_doActivateExtension ecmel.vscode-html-css, startup: false, activationEvent: 'onStartupFinished'
2024-08-08 23:01:42.725 [info] ExtensionService#_doActivateExtension vscode-icons-team.vscode-icons, startup: false, activationEvent: 'onStartupFinished'
2024-08-08 23:01:51.074 [info] Extension host terminating: renderer closed the MessagePort
2024-08-08 23:01:51.117 [info] Extension host with pid 8036 exiting with code 0
2024-08-08 23:01:52.537 [info] Extension host with pid 8132 started
2024-08-08 23:01:52.537 [info] Skipping acquiring lock for /home/wahab/Desktop/travel-blog/travel-blog/~/.vscode-root/User/workspaceStorage/b612519ed180472688882cff8435c0fc.
2024-08-08 23:01:52.582 [info] ExtensionService#_doActivateExtension vscode.git-base, startup: true, activationEvent: '*'
2024-08-08 23:01:52.588 [info] ExtensionService#_doActivateExtension vscode.npm, startup: true, activationEvent: 'workspaceContains:package.json'
2024-08-08 23:01:52.676 [info] ExtensionService#_doActivateExtension vscode.github, startup: true, activationEvent: '*'
2024-08-08 23:01:52.763 [info] Eager extensions activated
2024-08-08 23:01:52.780 [info] ExtensionService#_doActivateExtension vscode.debug-auto-launch, startup: false, activationEvent: 'onStartupFinished'
2024-08-08 23:01:52.783 [info] ExtensionService#_doActivateExtension vscode.merge-conflict, startup: false, activationEvent: 'onStartupFinished'
2024-08-08 23:01:52.814 [info] ExtensionService#_doActivateExtension dsznajder.es7-react-js-snippets, startup: false, activationEvent: 'onStartupFinished'
2024-08-08 23:01:53.565 [info] ExtensionService#_doActivateExtension vscode-icons-team.vscode-icons, startup: false, activationEvent: 'onStartupFinished'
2024-08-08 23:01:55.273 [info] ExtensionService#_doActivateExtension vscode.git, startup: false, activationEvent: 'api', root cause: vscode.github
2024-08-08 23:01:55.401 [info] ExtensionService#_doActivateExtension bradlc.vscode-tailwindcss, startup: false, activationEvent: 'onStartupFinished'
2024-08-08 23:01:55.456 [info] ExtensionService#_doActivateExtension dotenv.dotenv-vscode, startup: false, activationEvent: '*'
2024-08-08 23:01:55.473 [info] ExtensionService#_doActivateExtension ecmel.vscode-html-css, startup: false, activationEvent: 'onStartupFinished'
2024-08-08 23:01:55.584 [info] ExtensionService#_doActivateExtension vscode.configuration-editing, startup: false, activationEvent: 'onLanguage:jsonc'
2024-08-08 23:01:55.590 [info] ExtensionService#_doActivateExtension vscode.json-language-features, startup: false, activationEvent: 'onLanguage:jsonc'
2024-08-08 23:01:55.697 [info] ExtensionService#_doActivateExtension vscode.typescript-language-features, startup: false, activationEvent: 'onLanguage:jsonc'
2024-08-08 23:01:55.723 [info] ExtensionService#_doActivateExtension vscode.emmet, startup: false, activationEvent: 'onLanguage'
2024-08-08 23:01:55.915 [warning] [Decorations] CAPPING events from decorations provider vscode.git 260
2024-08-08 23:01:56.000 [warning] [Decorations] CAPPING events from decorations provider vscode.git 260
2024-08-08 23:01:59.083 [warning] [Decorations] CAPPING events from decorations provider vscode.git 264
2024-08-08 23:02:12.870 [warning] [Decorations] CAPPING events from decorations provider vscode.git 353
2024-08-08 23:02:19.770 [warning] [Decorations] CAPPING events from decorations provider vscode.git 373
2024-08-08 23:02:24.916 [warning] [Decorations] CAPPING events from decorations provider vscode.git 375
2024-08-08 23:02:30.025 [warning] [Decorations] CAPPING events from decorations provider vscode.git 392
2024-08-08 23:02:35.101 [warning] [Decorations] CAPPING events from decorations provider vscode.git 392
2024-08-08 23:02:40.138 [warning] [Decorations] CAPPING events from decorations provider vscode.git 392
2024-08-08 23:02:45.204 [warning] [Decorations] CAPPING events from decorations provider vscode.git 392
2024-08-08 23:02:50.344 [warning] [Decorations] CAPPING events from decorations provider vscode.git 392
2024-08-08 23:02:55.393 [warning] [Decorations] CAPPING events from decorations provider vscode.git 392
2024-08-08 23:03:00.463 [warning] [Decorations] CAPPING events from decorations provider vscode.git 392
2024-08-08 23:03:05.529 [warning] [Decorations] CAPPING events from decorations provider vscode.git 392
2024-08-08 23:03:10.590 [warning] [Decorations] CAPPING events from decorations provider vscode.git 392
2024-08-08 23:03:15.654 [warning] [Decorations] CAPPING events from decorations provider vscode.git 392
2024-08-08 23:03:20.717 [warning] [Decorations] CAPPING events from decorations provider vscode.git 392
2024-08-08 23:03:25.863 [warning] [Decorations] CAPPING events from decorations provider vscode.git 397
2024-08-08 23:03:30.963 [warning] [Decorations] CAPPING events from decorations provider vscode.git 397
2024-08-08 23:03:39.543 [warning] [Decorations] CAPPING events from decorations provider vscode.git 418
2024-08-08 23:04:07.011 [warning] [Decorations] CAPPING events from decorations provider vscode.git 418
2024-08-08 23:04:12.101 [warning] [Decorations] CAPPING events from decorations provider vscode.git 418
2024-08-08 23:04:17.147 [warning] [Decorations] CAPPING events from decorations provider vscode.git 418
2024-08-08 23:04:22.247 [warning] [Decorations] CAPPING events from decorations provider vscode.git 418
2024-08-08 23:04:27.317 [warning] [Decorations] CAPPING events from decorations provider vscode.git 418
2024-08-08 23:04:32.418 [warning] [Decorations] CAPPING events from decorations provider vscode.git 418
2024-08-08 23:04:37.503 [warning] [Decorations] CAPPING events from decorations provider vscode.git 418
2024-08-08 23:04:42.590 [warning] [Decorations] CAPPING events from decorations provider vscode.git 418
2024-08-08 23:04:47.718 [warning] [Decorations] CAPPING events from decorations provider vscode.git 418
2024-08-08 23:04:52.795 [warning] [Decorations] CAPPING events from decorations provider vscode.git 418
2024-08-08 23:04:57.869 [warning] [Decorations] CAPPING events from decorations provider vscode.git 418
2024-08-08 23:05:02.954 [warning] [Decorations] CAPPING events from decorations provider vscode.git 418
2024-08-08 23:05:08.027 [warning] [Decorations] CAPPING events from decorations provider vscode.git 418
2024-08-08 23:05:13.093 [warning] [Decorations] CAPPING events from decorations provider vscode.git 418
2024-08-08 23:05:18.193 [warning] [Decorations] CAPPING events from decorations provider vscode.git 418
2024-08-08 23:05:23.274 [warning] [Decorations] CAPPING events from decorations provider vscode.git 418
2024-08-08 23:05:28.346 [warning] [Decorations] CAPPING events from decorations provider vscode.git 418
2024-08-08 23:05:33.431 [warning] [Decorations] CAPPING events from decorations provider vscode.git 418
2024-08-08 23:05:38.545 [warning] [Decorations] CAPPING events from decorations provider vscode.git 418
2024-08-08 23:05:43.620 [warning] [Decorations] CAPPING events from decorations provider vscode.git 418
2024-08-08 23:05:48.691 [warning] [Decorations] CAPPING events from decorations provider vscode.git 418
2024-08-08 23:05:53.762 [warning] [Decorations] CAPPING events from decorations provider vscode.git 418
2024-08-08 23:06:29.679 [info] ExtensionService#_doActivateExtension vscode.github-authentication, startup: false, activationEvent: 'onAuthenticationRequest:github'
2024-08-08 23:10:01.813 [info] Extension host terminating: renderer closed the MessagePort
2024-08-08 23:10:01.880 [error] Canceled: Canceled
	at new I (/usr/share/code/resources/app/out/vs/workbench/api/node/extensionHostProcess.js:144:34990)
	at S.U (/usr/share/code/resources/app/out/vs/workbench/api/node/extensionHostProcess.js:151:6023)
	at z.<computed>.F.charCodeAt.T.CharCode.DollarSign.z.<computed> (/usr/share/code/resources/app/out/vs/workbench/api/node/extensionHostProcess.js:151:3107)
	at f.g (/usr/share/code/resources/app/out/vs/workbench/api/node/extensionHostProcess.js:154:203861)
	at f.executeCommand (/usr/share/code/resources/app/out/vs/workbench/api/node/extensionHostProcess.js:154:203299)
	at A.registerCommand.description (/usr/share/code/resources/app/out/vs/workbench/api/node/extensionHostProcess.js:154:202623)
	at f.h (/usr/share/code/resources/app/out/vs/workbench/api/node/extensionHostProcess.js:154:204400)
	at f.g (/usr/share/code/resources/app/out/vs/workbench/api/node/extensionHostProcess.js:154:203392)
	at f.executeCommand (/usr/share/code/resources/app/out/vs/workbench/api/node/extensionHostProcess.js:154:203299)
	at Object.executeCommand (/usr/share/code/resources/app/out/vs/workbench/api/node/extensionHostProcess.js:164:23051)
	at n.O [as value] (/usr/share/code/resources/app/extensions/git/dist/main.js:2:949496)
	at r.B (/usr/share/code/resources/app/out/vs/workbench/api/node/extensionHostProcess.js:83:737)
	at r.C (/usr/share/code/resources/app/out/vs/workbench/api/node/extensionHostProcess.js:83:807)
	at r.fire (/usr/share/code/resources/app/out/vs/workbench/api/node/extensionHostProcess.js:83:1023)
	at Object.p [as dispose] (/usr/share/code/resources/app/extensions/git/dist/main.js:2:968700)
	at /usr/share/code/resources/app/extensions/git/dist/main.js:2:974738
	at Array.forEach (<anonymous>)
	at f.dispose (/usr/share/code/resources/app/extensions/git/dist/main.js:2:974724)
	at c.<anonymous> (/usr/share/code/resources/app/out/vs/workbench/api/node/extensionHostProcess.js:152:4048)
	at c.dispose (/usr/share/code/resources/app/out/vs/workbench/api/node/extensionHostProcess.js:152:4145)
	at c.<anonymous> (/usr/share/code/resources/app/extensions/git/dist/main.js:2:951753)
	at c.dispose (/usr/share/code/resources/app/out/vs/workbench/api/node/extensionHostProcess.js:152:4145)
	at d (/usr/share/code/resources/app/out/vs/workbench/api/node/extensionHostProcess.js:30:744)
	at m.eb (/usr/share/code/resources/app/out/vs/workbench/api/node/extensionHostProcess.js:160:10039)
	at /usr/share/code/resources/app/out/vs/workbench/api/node/extensionHostProcess.js:160:7915
	at Array.map (<anonymous>)
	at m.$ (/usr/share/code/resources/app/out/vs/workbench/api/node/extensionHostProcess.js:160:7902)
	at m.terminate (/usr/share/code/resources/app/out/vs/workbench/api/node/extensionHostProcess.js:160:8175)
	at d.terminate (/usr/share/code/resources/app/out/vs/workbench/api/node/extensionHostProcess.js:164:1513)
	at i (/usr/share/code/resources/app/out/vs/workbench/api/node/extensionHostProcess.js:177:10617)
	at MessagePortMain.<anonymous> (/usr/share/code/resources/app/out/vs/workbench/api/node/extensionHostProcess.js:177:6809)
	at MessagePortMain.emit (node:events:514:28)
	at MessagePortMain._internalPort.emit (node:electron/js2c/utility_init:2:2285) setContext undefined
2024-08-08 23:10:01.880 [error] Canceled: Canceled
	at new I (/usr/share/code/resources/app/out/vs/workbench/api/node/extensionHostProcess.js:144:34990)
	at S.U (/usr/share/code/resources/app/out/vs/workbench/api/node/extensionHostProcess.js:151:6023)
	at z.<computed>.F.charCodeAt.T.CharCode.DollarSign.z.<computed> (/usr/share/code/resources/app/out/vs/workbench/api/node/extensionHostProcess.js:151:3107)
	at f.g (/usr/share/code/resources/app/out/vs/workbench/api/node/extensionHostProcess.js:154:203861)
	at f.executeCommand (/usr/share/code/resources/app/out/vs/workbench/api/node/extensionHostProcess.js:154:203299)
	at A.registerCommand.description (/usr/share/code/resources/app/out/vs/workbench/api/node/extensionHostProcess.js:154:202623)
	at f.h (/usr/share/code/resources/app/out/vs/workbench/api/node/extensionHostProcess.js:154:204400)
	at f.g (/usr/share/code/resources/app/out/vs/workbench/api/node/extensionHostProcess.js:154:203392)
	at f.executeCommand (/usr/share/code/resources/app/out/vs/workbench/api/node/extensionHostProcess.js:154:203299)
	at Object.executeCommand (/usr/share/code/resources/app/out/vs/workbench/api/node/extensionHostProcess.js:164:23051)
	at set hasGitHubRepositories (/usr/share/code/resources/app/extensions/github/dist/extension.js:2:322969)
	at /usr/share/code/resources/app/extensions/github/dist/extension.js:2:323928
	at n.value (/usr/share/code/resources/app/extensions/git/dist/main.js:2:1055238)
	at r.B (/usr/share/code/resources/app/out/vs/workbench/api/node/extensionHostProcess.js:83:737)
	at r.C (/usr/share/code/resources/app/out/vs/workbench/api/node/extensionHostProcess.js:83:807)
	at r.fire (/usr/share/code/resources/app/out/vs/workbench/api/node/extensionHostProcess.js:83:1023)
	at Object.p [as dispose] (/usr/share/code/resources/app/extensions/git/dist/main.js:2:968700)
	at /usr/share/code/resources/app/extensions/git/dist/main.js:2:974738
	at Array.forEach (<anonymous>)
	at f.dispose (/usr/share/code/resources/app/extensions/git/dist/main.js:2:974724)
	at c.<anonymous> (/usr/share/code/resources/app/out/vs/workbench/api/node/extensionHostProcess.js:152:4048)
	at c.dispose (/usr/share/code/resources/app/out/vs/workbench/api/node/extensionHostProcess.js:152:4145)
	at c.<anonymous> (/usr/share/code/resources/app/extensions/git/dist/main.js:2:951753)
	at c.dispose (/usr/share/code/resources/app/out/vs/workbench/api/node/extensionHostProcess.js:152:4145)
	at d (/usr/share/code/resources/app/out/vs/workbench/api/node/extensionHostProcess.js:30:744)
	at m.eb (/usr/share/code/resources/app/out/vs/workbench/api/node/extensionHostProcess.js:160:10039)
	at /usr/share/code/resources/app/out/vs/workbench/api/node/extensionHostProcess.js:160:7915
	at Array.map (<anonymous>)
	at m.$ (/usr/share/code/resources/app/out/vs/workbench/api/node/extensionHostProcess.js:160:7902)
	at m.terminate (/usr/share/code/resources/app/out/vs/workbench/api/node/extensionHostProcess.js:160:8175)
	at d.terminate (/usr/share/code/resources/app/out/vs/workbench/api/node/extensionHostProcess.js:164:1513)
	at i (/usr/share/code/resources/app/out/vs/workbench/api/node/extensionHostProcess.js:177:10617)
	at MessagePortMain.<anonymous> (/usr/share/code/resources/app/out/vs/workbench/api/node/extensionHostProcess.js:177:6809)
	at MessagePortMain.emit (node:events:514:28)
	at MessagePortMain._internalPort.emit (node:electron/js2c/utility_init:2:2285) setContext undefined
2024-08-08 23:10:01.885 [error] Canceled: Canceled
	at new I (/usr/share/code/resources/app/out/vs/workbench/api/node/extensionHostProcess.js:144:34990)
	at S.U (/usr/share/code/resources/app/out/vs/workbench/api/node/extensionHostProcess.js:151:6023)
	at z.<computed>.F.charCodeAt.T.CharCode.DollarSign.z.<computed> (/usr/share/code/resources/app/out/vs/workbench/api/node/extensionHostProcess.js:151:3107)
	at f.g (/usr/share/code/resources/app/out/vs/workbench/api/node/extensionHostProcess.js:154:203861)
	at f.executeCommand (/usr/share/code/resources/app/out/vs/workbench/api/node/extensionHostProcess.js:154:203299)
	at A.registerCommand.description (/usr/share/code/resources/app/out/vs/workbench/api/node/extensionHostProcess.js:154:202623)
	at f.h (/usr/share/code/resources/app/out/vs/workbench/api/node/extensionHostProcess.js:154:204400)
	at f.g (/usr/share/code/resources/app/out/vs/workbench/api/node/extensionHostProcess.js:154:203392)
	at f.executeCommand (/usr/share/code/resources/app/out/vs/workbench/api/node/extensionHostProcess.js:154:203299)
	at Object.executeCommand (/usr/share/code/resources/app/out/vs/workbench/api/node/extensionHostProcess.js:164:23051)
	at pE (/root/.vscode/extensions/bradlc.vscode-tailwindcss-0.12.5/dist/extension.js:40:8764)
	at Ne (/root/.vscode/extensions/bradlc.vscode-tailwindcss-0.12.5/dist/extension.js:4:1357)
	at me (/root/.vscode/extensions/bradlc.vscode-tailwindcss-0.12.5/dist/extension.js:3:6845)
	at Immediate.<anonymous> (/root/.vscode/extensions/bradlc.vscode-tailwindcss-0.12.5/dist/extension.js:3:6723)
	at process.processImmediate (node:internal/timers:478:21) setContext undefined
2024-08-08 23:10:01.888 [info] Extension host with pid 8132 exiting with code 0
