2024-08-09 09:59:18.134 [info] Added views:workbench.panel.markers.view in workbench.panel.markers
2024-08-09 09:59:18.134 [info] Added views:workbench.panel.output in workbench.panel.output
2024-08-09 09:59:18.134 [info] Added views:terminal in terminal
2024-08-09 09:59:18.134 [info] Added views:outline in workbench.view.explorer
2024-08-09 09:59:18.134 [info] Added views:workbench.scm in workbench.view.scm
2024-08-09 09:59:18.134 [info] Added views:workbench.view.search in workbench.view.search
2024-08-09 09:59:18.134 [info] Added views:timeline in workbench.view.explorer
2024-08-09 09:59:18.134 [info] Added views:workbench.explorer.emptyView in workbench.view.explorer
2024-08-09 09:59:19.119 [info] Added views:workbench.debug.variablesView,workbench.debug.watchExpressionsView,workbench.debug.callStackView,workbench.debug.breakPointsView in workbench.view.debug
2024-08-09 09:59:19.284 [info] Added views:dotenv.view.vault in workbench.view.extension.dotenv
2024-08-09 09:59:19.286 [info] Added views:github-actions.empty-view in workbench.view.extension.github-actions
2024-08-09 09:59:19.658 [info] Added views:workbench.panel.repl.view in workbench.panel.repl
2024-08-09 09:59:19.660 [info] Removed views:workbench.debug.breakPointsView,workbench.debug.callStackView,workbench.debug.watchExpressionsView,workbench.debug.variablesView from workbench.view.debug
2024-08-09 09:59:19.661 [info] Added views:workbench.debug.welcome in workbench.view.debug
2024-08-09 09:59:19.717 [info] Added views:~remote.forwardedPorts in ~remote.forwardedPortsContainer
2024-08-09 09:59:32.557 [info] Added views:workbench.panel.markers.view in workbench.panel.markers
2024-08-09 09:59:32.557 [info] Added views:workbench.panel.output in workbench.panel.output
2024-08-09 09:59:32.557 [info] Added views:terminal in terminal
2024-08-09 09:59:32.557 [info] Added views:outline in workbench.view.explorer
2024-08-09 09:59:32.557 [info] Added views:workbench.scm in workbench.view.scm
2024-08-09 09:59:32.557 [info] Added views:workbench.view.search in workbench.view.search
2024-08-09 09:59:32.557 [info] Added views:timeline in workbench.view.explorer
2024-08-09 09:59:32.557 [info] Added views:workbench.explorer.fileView in workbench.view.explorer
2024-08-09 09:59:33.560 [info] Added views:workbench.debug.variablesView,workbench.debug.watchExpressionsView,workbench.debug.callStackView,workbench.debug.breakPointsView in workbench.view.debug
2024-08-09 09:59:33.625 [info] Added views:workbench.panel.repl.view in workbench.panel.repl
2024-08-09 09:59:33.627 [info] Removed views:workbench.debug.breakPointsView,workbench.debug.callStackView,workbench.debug.watchExpressionsView,workbench.debug.variablesView from workbench.view.debug
2024-08-09 09:59:33.627 [info] Added views:workbench.debug.welcome in workbench.view.debug
2024-08-09 09:59:33.948 [info] Added views:~remote.forwardedPorts in ~remote.forwardedPortsContainer
2024-08-09 09:59:37.328 [info] Added views:dotenv.view.vault in workbench.view.extension.dotenv
2024-08-09 09:59:37.331 [info] Added views:github-actions.empty-view in workbench.view.extension.github-actions
2024-08-09 09:59:44.855 [info] Added views:workbench.views.extensions.installed,workbench.views.extensions.popular,extensions.recommendedList in workbench.view.extensions
2024-08-09 09:59:44.871 [info] Removed views:workbench.views.extensions.popular from workbench.view.extensions
2024-08-09 09:59:54.919 [info] Removed views:extensions.recommendedList,workbench.views.extensions.installed from workbench.view.extensions
2024-08-09 09:59:54.948 [info] Added views:workbench.views.extensions.marketplace in workbench.view.extensions
2024-08-09 10:18:42.131 [info] Removed views:workbench.views.extensions.marketplace from workbench.view.extensions
2024-08-09 10:18:42.149 [info] Added views:workbench.views.extensions.installed,extensions.recommendedList in workbench.view.extensions
2024-08-09 10:25:14.286 [info] Removed views:extensions.recommendedList,workbench.views.extensions.installed from workbench.view.extensions
2024-08-09 10:25:14.302 [info] Added views:workbench.views.extensions.marketplace in workbench.view.extensions
2024-08-09 10:26:32.061 [info] Removed views:workbench.panel.repl.view from workbench.panel.repl
2024-08-09 10:26:32.099 [info] Added views:workbench.panel.repl.view in workbench.panel.repl
2024-08-09 10:26:36.672 [info] Removed views:workbench.views.extensions.marketplace from workbench.view.extensions
2024-08-09 10:26:36.720 [info] Added views:workbench.views.extensions.installed,extensions.recommendedList in workbench.view.extensions
2024-08-09 10:36:08.696 [info] Removed views:extensions.recommendedList,workbench.views.extensions.installed from workbench.view.extensions
2024-08-09 10:36:08.706 [info] Added views:workbench.views.extensions.marketplace in workbench.view.extensions
2024-08-09 10:36:24.424 [info] Removed views:workbench.panel.repl.view from workbench.panel.repl
2024-08-09 10:36:24.489 [info] Added views:workbench.panel.repl.view in workbench.panel.repl
2024-08-09 10:51:11.187 [info] Removed views:workbench.views.extensions.marketplace from workbench.view.extensions
2024-08-09 10:51:11.199 [info] Added views:workbench.views.extensions.installed,extensions.recommendedList in workbench.view.extensions
2024-08-09 10:51:12.709 [info] Removed views:extensions.recommendedList,workbench.views.extensions.installed from workbench.view.extensions
2024-08-09 10:51:12.724 [info] Added views:workbench.views.extensions.marketplace in workbench.view.extensions
2024-08-09 10:51:13.609 [info] Removed views:workbench.views.extensions.marketplace from workbench.view.extensions
2024-08-09 10:51:13.635 [info] Added views:workbench.views.extensions.installed,extensions.recommendedList in workbench.view.extensions
2024-08-09 10:51:15.487 [info] Removed views:extensions.recommendedList,workbench.views.extensions.installed from workbench.view.extensions
2024-08-09 10:51:15.502 [info] Added views:workbench.views.extensions.marketplace in workbench.view.extensions
2024-08-09 10:51:28.827 [info] Removed views:workbench.panel.repl.view from workbench.panel.repl
2024-08-09 10:51:29.014 [info] Added views:workbench.panel.repl.view in workbench.panel.repl
